Date = 2017-10-03 17:11:48.9248; URL = ; Controller = ; Action = ;
System.InvalidOperationException: Unable to determine the principal end of an association between the types 'EquipmentStore.Core.Entities.Labour' and 'EquipmentStore.Core.Entities.LabourImage'. The principal end of this association must be explicitly configured using either the relationship fluent API or data annotations.
   at System.Data.Entity.ModelConfiguration.Edm.Services.AssociationTypeMappingGenerator.GenerateIndependentAssociationType(AssociationType associationType, DbDatabaseMapping databaseMapping)
   at System.Data.Entity.ModelConfiguration.Edm.Services.AssociationTypeMappingGenerator.Generate(AssociationType associationType, DbDatabaseMapping databaseMapping)
   at System.Data.Entity.ModelConfiguration.Edm.Services.DatabaseMappingGenerator.GenerateAssociationTypes(DbDatabaseMapping databaseMapping)
   at System.Data.Entity.ModelConfiguration.Edm.Services.DatabaseMappingGenerator.Generate(EdmModel conceptualModel)
   at System.Data.Entity.DbModelBuilder.Build(DbProviderManifest providerManifest, DbProviderInfo providerInfo)
   at System.Data.Entity.DbModelBuilder.Build(DbConnection providerConnection)
   at System.Data.Entity.Internal.LazyInternalContext.CreateModel(LazyInternalContext internalContext)
   at System.Data.Entity.Internal.RetryLazy`2.GetValue(TInput input)
   at System.Data.Entity.Internal.LazyInternalContext.InitializeContext()
   at System.Data.Entity.Internal.InternalContext.GetEntitySetAndBaseTypeForType(Type entityType)
   at System.Data.Entity.Internal.Linq.InternalSet`1.Initialize()
   at System.Data.Entity.Internal.Linq.InternalSet`1.GetEnumerator()
   at System.Data.Entity.Infrastructure.DbQuery`1.System.Collections.Generic.IEnumerable<TResult>.GetEnumerator()
   at System.Collections.Generic.List`1..ctor(IEnumerable`1 collection)
   at System.Linq.Enumerable.ToList[TSource](IEnumerable`1 source)
   at EquipmentStore.BLL.Services.LabourService.GetAll() in D:\projects\EquipmentStore\EquipmentStore.Web\EquipmentStore.BLL\Services\LabourService.cs:line 33
   at EquipmentStore.Web.Controllers.AdminController.Index() in D:\projects\EquipmentStore\EquipmentStore.Web\EquipmentStore.Web\Controllers\AdminController.cs:line 29
   at lambda_method(Closure , ControllerBase , Object[] )
   at System.Web.Mvc.ActionMethodDispatcher.Execute(ControllerBase controller, Object[] parameters)
   at System.Web.Mvc.ReflectedActionDescriptor.Execute(ControllerContext controllerContext, IDictionary`2 parameters)
   at System.Web.Mvc.ControllerActionInvoker.InvokeActionMethod(ControllerContext controllerContext, ActionDescriptor actionDescriptor, IDictionary`2 parameters)
   at System.Web.Mvc.Async.AsyncControllerActionInvoker.<BeginInvokeSynchronousActionMethod>b__39(IAsyncResult asyncResult, ActionInvocation innerInvokeState)
   at System.Web.Mvc.Async.AsyncResultWrapper.WrappedAsyncResult`2.CallEndDelegate(IAsyncResult asyncResult)
   at System.Web.Mvc.Async.AsyncResultWrapper.WrappedAsyncResultBase`1.End()
   at System.Web.Mvc.Async.AsyncControllerActionInvoker.EndInvokeActionMethod(IAsyncResult asyncResult)
   at System.Web.Mvc.Async.AsyncControllerActionInvoker.AsyncInvocationWithFilters.<InvokeActionMethodFilterAsynchronouslyRecursive>b__3d()
   at System.Web.Mvc.Async.AsyncControllerActionInvoker.AsyncInvocationWithFilters.<>c__DisplayClass46.<InvokeActionMethodFilterAsynchronouslyRecursive>b__3f()
   at System.Web.Mvc.Async.AsyncControllerActionInvoker.AsyncInvocationWithFilters.<>c__DisplayClass46.<InvokeActionMethodFilterAsynchronouslyRecursive>b__3f()
   at System.Web.Mvc.Async.AsyncControllerActionInvoker.<>c__DisplayClass33.<BeginInvokeActionMethodWithFilters>b__32(IAsyncResult asyncResult)
   at System.Web.Mvc.Async.AsyncResultWrapper.WrappedAsyncResult`1.CallEndDelegate(IAsyncResult asyncResult)
   at System.Web.Mvc.Async.AsyncResultWrapper.WrappedAsyncResultBase`1.End()
   at System.Web.Mvc.Async.AsyncControllerActionInvoker.EndInvokeActionMethodWithFilters(IAsyncResult asyncResult)
   at System.Web.Mvc.Async.AsyncControllerActionInvoker.<>c__DisplayClass21.<>c__DisplayClass2b.<BeginInvokeAction>b__1c()
   at System.Web.Mvc.Async.AsyncControllerActionInvoker.<>c__DisplayClass21.<BeginInvokeAction>b__1e(IAsyncResult asyncResult)
Date = 2017-10-03 17:11:48.9288; URL = ; Controller = ; Action = ;
System.InvalidOperationException: Unable to determine the principal end of an association between the types 'EquipmentStore.Core.Entities.Labour' and 'EquipmentStore.Core.Entities.LabourImage'. The principal end of this association must be explicitly configured using either the relationship fluent API or data annotations.
   at System.Data.Entity.ModelConfiguration.Edm.Services.AssociationTypeMappingGenerator.GenerateIndependentAssociationType(AssociationType associationType, DbDatabaseMapping databaseMapping)
   at System.Data.Entity.ModelConfiguration.Edm.Services.AssociationTypeMappingGenerator.Generate(AssociationType associationType, DbDatabaseMapping databaseMapping)
   at System.Data.Entity.ModelConfiguration.Edm.Services.DatabaseMappingGenerator.GenerateAssociationTypes(DbDatabaseMapping databaseMapping)
   at System.Data.Entity.ModelConfiguration.Edm.Services.DatabaseMappingGenerator.Generate(EdmModel conceptualModel)
   at System.Data.Entity.DbModelBuilder.Build(DbProviderManifest providerManifest, DbProviderInfo providerInfo)
   at System.Data.Entity.DbModelBuilder.Build(DbConnection providerConnection)
   at System.Data.Entity.Internal.LazyInternalContext.CreateModel(LazyInternalContext internalContext)
   at System.Data.Entity.Internal.RetryLazy`2.GetValue(TInput input)
   at System.Data.Entity.Internal.LazyInternalContext.InitializeContext()
   at System.Data.Entity.Internal.InternalContext.GetEntitySetAndBaseTypeForType(Type entityType)
   at System.Data.Entity.Internal.Linq.InternalSet`1.Initialize()
   at System.Data.Entity.Internal.Linq.InternalSet`1.GetEnumerator()
   at System.Data.Entity.Infrastructure.DbQuery`1.System.Collections.Generic.IEnumerable<TResult>.GetEnumerator()
   at System.Collections.Generic.List`1..ctor(IEnumerable`1 collection)
   at System.Linq.Enumerable.ToList[TSource](IEnumerable`1 source)
   at EquipmentStore.BLL.Services.LabourService.GetAll() in D:\projects\EquipmentStore\EquipmentStore.Web\EquipmentStore.BLL\Services\LabourService.cs:line 33
   at EquipmentStore.Web.Controllers.AdminController.Index() in D:\projects\EquipmentStore\EquipmentStore.Web\EquipmentStore.Web\Controllers\AdminController.cs:line 29
   at lambda_method(Closure , ControllerBase , Object[] )
   at System.Web.Mvc.ActionMethodDispatcher.Execute(ControllerBase controller, Object[] parameters)
   at System.Web.Mvc.ReflectedActionDescriptor.Execute(ControllerContext controllerContext, IDictionary`2 parameters)
   at System.Web.Mvc.ControllerActionInvoker.InvokeActionMethod(ControllerContext controllerContext, ActionDescriptor actionDescriptor, IDictionary`2 parameters)
   at System.Web.Mvc.Async.AsyncControllerActionInvoker.<BeginInvokeSynchronousActionMethod>b__39(IAsyncResult asyncResult, ActionInvocation innerInvokeState)
   at System.Web.Mvc.Async.AsyncResultWrapper.WrappedAsyncResult`2.CallEndDelegate(IAsyncResult asyncResult)
   at System.Web.Mvc.Async.AsyncResultWrapper.WrappedAsyncResultBase`1.End()
   at System.Web.Mvc.Async.AsyncControllerActionInvoker.EndInvokeActionMethod(IAsyncResult asyncResult)
   at System.Web.Mvc.Async.AsyncControllerActionInvoker.AsyncInvocationWithFilters.<InvokeActionMethodFilterAsynchronouslyRecursive>b__3d()
   at System.Web.Mvc.Async.AsyncControllerActionInvoker.AsyncInvocationWithFilters.<>c__DisplayClass46.<InvokeActionMethodFilterAsynchronouslyRecursive>b__3f()
   at System.Web.Mvc.Async.AsyncControllerActionInvoker.AsyncInvocationWithFilters.<>c__DisplayClass46.<InvokeActionMethodFilterAsynchronouslyRecursive>b__3f()
   at System.Web.Mvc.Async.AsyncControllerActionInvoker.<>c__DisplayClass33.<BeginInvokeActionMethodWithFilters>b__32(IAsyncResult asyncResult)
   at System.Web.Mvc.Async.AsyncResultWrapper.WrappedAsyncResult`1.CallEndDelegate(IAsyncResult asyncResult)
   at System.Web.Mvc.Async.AsyncResultWrapper.WrappedAsyncResultBase`1.End()
   at System.Web.Mvc.Async.AsyncControllerActionInvoker.EndInvokeActionMethodWithFilters(IAsyncResult asyncResult)
   at System.Web.Mvc.Async.AsyncControllerActionInvoker.<>c__DisplayClass21.<>c__DisplayClass2b.<BeginInvokeAction>b__1c()
   at System.Web.Mvc.Async.AsyncControllerActionInvoker.<>c__DisplayClass21.<BeginInvokeAction>b__1e(IAsyncResult asyncResult)
