Date = 2017-10-15 10:27:07.7347; IP = ::1; URL = http://localhost/; Controller = Home;
Date = 2017-10-15 10:27:17.4664; IP = ::1; URL = http://localhost/; Controller = Home;
Date = 2017-10-15 10:27:32.2014; IP = ::1; URL = http://localhost/manufacturing; Controller = Output;
Date = 2017-10-15 10:28:17.1714; IP = ::1; URL = http://localhost/manufacturing; Controller = Output;
Date = 2017-10-15 10:29:56.4743; IP = ::1; URL = http://localhost/manufacturing; Controller = Output;
Date = 2017-10-15 10:30:26.6154; IP = ::1; URL = http://localhost/contacts; Controller = Home;
Date = 2017-10-15 10:30:35.7019; IP = ::1; URL = http://localhost/; Controller = Home;
Date = 2017-10-15 10:30:37.6722; IP = ::1; URL = http://localhost/contacts; Controller = Home;
Date = 2017-10-15 10:30:40.2942; IP = ::1; URL = http://localhost/contacts; Controller = Home;
Date = 2017-10-15 10:34:50.8127; IP = ::1; URL = http://localhost/contacts; Controller = Home;
Date = 2017-10-15 10:35:00.0408; IP = ::1; URL = http://localhost/; Controller = Home;
Date = 2017-10-15 10:36:30.7308; IP = ::1; URL = http://localhost/; Controller = Home;
Date = 2017-10-15 10:36:36.2738; IP = ::1; URL = http://localhost/contacts; Controller = Home;
Date = 2017-10-15 10:36:38.8631; IP = ::1; URL = http://localhost/; Controller = Home;
Date = 2017-10-15 10:38:30.8629; IP = ::1; URL = http://localhost/; Controller = Home;
Date = 2017-10-15 10:38:34.0563; IP = ::1; URL = http://localhost/contacts; Controller = Home;
Date = 2017-10-15 10:38:35.4540; IP = ::1; URL = http://localhost/; Controller = Home;
Date = 2017-10-15 10:38:37.3928; IP = ::1; URL = http://localhost/contacts; Controller = Home;
Date = 2017-10-15 10:40:45.2206; IP = ::1; URL = http://localhost/contacts; Controller = Home;
Date = 2017-10-15 10:40:57.8256; IP = ::1; URL = http://localhost/contacts; Controller = Home;
Date = 2017-10-15 10:43:51.6711; IP = ::1; URL = http://localhost/; Controller = Home;
Date = 2017-10-15 10:45:40.2189; IP = ::1; URL = http://localhost/; Controller = Home;
Date = 2017-10-15 10:45:43.1252; IP = ::1; URL = http://localhost/contacts; Controller = Home;
Date = 2017-10-15 10:45:55.0475; IP = ::1; URL = http://localhost/contacts; Controller = Home;
Date = 2017-10-15 10:47:45.6428; IP = ::1; URL = http://localhost/contacts; Controller = Home;
Date = 2017-10-15 10:48:25.8200; IP = ::1; URL = http://localhost/; Controller = Home;
Date = 2017-10-15 10:48:40.4548; IP = ::1; URL = http://localhost/services; Controller = Labour;
Date = 2017-10-15 10:51:17.2551; IP = ::1; URL = http://localhost/contacts; Controller = Home;
Date = 2017-10-15 10:51:22.1270; IP = ::1; URL = http://localhost/contacts; Controller = Home;
Date = 2017-10-15 10:51:39.4781; IP = ::1; URL = http://localhost/contacts; Controller = Home;
Date = 2017-10-15 10:54:46.3308; IP = ::1; URL = http://localhost/contacts; Controller = Home;
Date = 2017-10-15 10:58:19.2832; IP = ::1; URL = http://localhost/contacts; Controller = Home;
Date = 2017-10-15 10:59:03.5706; IP = ::1; URL = http://localhost/contacts; Controller = Home;
Date = 2017-10-15 11:00:13.2484; IP = ::1; URL = http://localhost/contacts; Controller = Home;
Date = 2017-10-15 11:00:25.2685; IP = ::1; URL = http://localhost/contacts; Controller = Home;
Date = 2017-10-15 11:00:27.2675; IP = ::1; URL = http://localhost/contacts; Controller = Home;
Date = 2017-10-15 11:00:28.8372; IP = ::1; URL = http://localhost/; Controller = Home;
Date = 2017-10-15 11:00:34.2272; IP = ::1; URL = http://localhost/contacts; Controller = Home;
Date = 2017-10-15 11:00:36.0457; IP = ::1; URL = http://localhost/; Controller = Home;
Date = 2017-10-15 11:00:42.9954; IP = ::1; URL = http://localhost/manufacturing; Controller = Output;
Date = 2017-10-15 11:01:34.4063; IP = ::1; URL = http://localhost/contacts; Controller = Home;
Date = 2017-10-15 11:01:36.3255; IP = ::1; URL = http://localhost/contacts; Controller = Home;
Date = 2017-10-15 11:01:38.6601; IP = ::1; URL = http://localhost/; Controller = Home;
Date = 2017-10-15 11:01:41.8157; IP = ::1; URL = http://localhost/products/category/PeristalticPumps; Controller = Machine;
Date = 2017-10-15 11:01:56.6159; IP = ::1; URL = http://localhost/services; Controller = Labour;
Date = 2017-10-15 11:01:59.6211; IP = ::1; URL = http://localhost/contacts; Controller = Home;
Date = 2017-10-15 11:02:03.5545; IP = ::1; URL = http://localhost/; Controller = Home;
Date = 2017-10-15 11:02:17.1255; IP = ::1; URL = http://localhost/manufacturing; Controller = Output;
Date = 2017-10-15 11:02:24.5011; IP = ::1; URL = http://localhost/contacts; Controller = Home;
Date = 2017-10-15 11:02:29.7305; IP = ::1; URL = http://localhost/products/category/WithHorizontalBlisterFormsLocation; Controller = Machine;
Date = 2017-10-15 11:02:33.5550; IP = ::1; URL = http://localhost/products/category/AutomaticLabelingEquipment; Controller = Machine;
Date = 2017-10-15 11:04:21.9101; IP = ::1; URL = http://localhost/products/category/WithHorizontalBlisterFormsLocation; Controller = Machine;
Date = 2017-10-15 11:06:43.0848; IP = ::1; URL = http://localhost/products/category/PeristalticPumps; Controller = Machine;
Date = 2017-10-15 11:08:23.7024; IP = ::1; URL = http://localhost/products/category/PeristalticPumps; Controller = Machine;
Date = 2017-10-15 11:08:26.0820; IP = ::1; URL = http://localhost/contacts; Controller = Home;
Date = 2017-10-15 11:08:28.1657; IP = ::1; URL = http://localhost/; Controller = Home;
Date = 2017-10-15 11:08:30.9553; IP = ::1; URL = http://localhost/products/category/PeristalticPumps; Controller = Machine;
Date = 2017-10-15 11:09:45.5777; IP = ::1; URL = http://localhost/products/category/PeristalticPumps; Controller = Machine;
Date = 2017-10-15 11:09:48.5904; IP = ::1; URL = http://localhost/contacts; Controller = Home;
Date = 2017-10-15 11:09:50.3705; IP = ::1; URL = http://localhost/; Controller = Home;
Date = 2017-10-15 11:09:54.4712; IP = ::1; URL = http://localhost/products/category/PeristalticPumps; Controller = Machine;
Date = 2017-10-15 11:11:23.7955; IP = ::1; URL = http://localhost/products/category/PeristalticPumps; Controller = Machine;
Date = 2017-10-15 11:11:30.4819; IP = ::1; URL = http://localhost/products/category/PeristalticPumps; Controller = Machine;
Date = 2017-10-15 11:11:33.2251; IP = ::1; URL = http://localhost/contacts; Controller = Home;
Date = 2017-10-15 11:11:35.3661; IP = ::1; URL = http://localhost/; Controller = Home;
Date = 2017-10-15 11:11:38.2716; IP = ::1; URL = http://localhost/products/category/EquipmentForProductionOfTabletsAndFillingCapsules; Controller = Machine;
Date = 2017-10-15 11:11:41.1410; IP = ::1; URL = http://localhost/products/category/LinearFillingMachines; Controller = Machine;
Date = 2017-10-15 11:11:59.8207; IP = ::1; URL = http://localhost/manufacturing; Controller = Output;
Date = 2017-10-15 11:13:26.8717; IP = ::1; URL = http://localhost/manufacturing; Controller = Output;
Date = 2017-10-15 11:13:47.7020; IP = ::1; URL = http://localhost/contacts; Controller = Home;
Date = 2017-10-15 11:14:03.6607; IP = ::1; URL = http://localhost/; Controller = Home;
Date = 2017-10-15 11:14:55.5262; IP = ::1; URL = http://localhost/contacts; Controller = Home;
Date = 2017-10-15 11:15:11.9572; IP = ::1; URL = http://localhost/manufacturing; Controller = Output;
Date = 2017-10-15 11:15:36.5038; IP = ::1; URL = http://localhost/; Controller = Home;
Date = 2017-10-15 11:15:41.9312; IP = ::1; URL = http://localhost/; Controller = Home;
Date = 2017-10-15 11:16:04.7810; IP = ::1; URL = http://localhost/; Controller = Home;
Date = 2017-10-15 11:16:10.9791; IP = ::1; URL = http://localhost/; Controller = Home;
Date = 2017-10-15 11:16:53.0338; IP = ::1; URL = http://localhost/; Controller = Home;
Date = 2017-10-15 11:17:12.8978; IP = ::1; URL = http://localhost/manufacturing; Controller = Output;
Date = 2017-10-15 11:17:26.2825; IP = ::1; URL = http://localhost/; Controller = Home;
Date = 2017-10-15 11:18:23.6281; IP = ::1; URL = http://localhost/; Controller = Home;
Date = 2017-10-15 11:18:28.4242; IP = ::1; URL = http://localhost/; Controller = Home;
Date = 2017-10-15 11:19:51.1006; IP = ::1; URL = http://localhost/; Controller = Home;
Date = 2017-10-15 11:20:09.9176; IP = ::1; URL = http://localhost/; Controller = Home;
Date = 2017-10-15 11:20:41.6122; IP = ::1; URL = http://localhost/contacts; Controller = Home;
Date = 2017-10-15 11:20:53.6715; IP = ::1; URL = http://localhost/contacts; Controller = Home;
