Date = 2017-10-14 11:05:03.2644; IP = ::1; URL = http://localhost/; Controller = Home;
Date = 2017-10-14 11:05:35.0813; IP = ::1; URL = http://localhost/; Controller = Home;
Date = 2017-10-14 11:09:26.1848; IP = ::1; URL = http://localhost/; Controller = Home;
Date = 2017-10-14 11:09:41.1500; IP = ::1; URL = http://localhost/; Controller = Home;
Date = 2017-10-14 11:09:47.1717; IP = ::1; URL = http://localhost/; Controller = Home;
Date = 2017-10-14 11:09:55.3078; IP = ::1; URL = http://localhost/; Controller = Home;
Date = 2017-10-14 11:10:59.1915; IP = ::1; URL = http://localhost/; Controller = Home;
Date = 2017-10-14 11:40:52.6426; IP = ::1; URL = http://localhost/; Controller = Home;
Date = 2017-10-14 11:43:56.3236; IP = ::1; URL = http://localhost/; Controller = Home;
Date = 2017-10-14 11:49:05.7343; IP = ::1; URL = http://localhost/; Controller = Home;
Date = 2017-10-14 11:50:52.3203; IP = ::1; URL = http://localhost/; Controller = Home;
Date = 2017-10-14 11:54:18.9059; IP = ::1; URL = http://localhost/; Controller = Home;
Date = 2017-10-14 11:57:34.9560; IP = ::1; URL = http://localhost/; Controller = Home;
Date = 2017-10-14 12:01:49.9374; IP = ::1; URL = http://localhost/; Controller = Home;
Date = 2017-10-14 12:01:53.9072; IP = ::1; URL = http://localhost/; Controller = Home;
Date = 2017-10-14 12:04:21.8021; IP = ::1; URL = http://localhost/; Controller = Home;
Date = 2017-10-14 12:04:42.7697; IP = ::1; URL = http://localhost/; Controller = Home;
Date = 2017-10-14 12:04:51.3027; IP = ::1; URL = http://localhost/; Controller = Home;
Date = 2017-10-14 12:05:19.5988; IP = ::1; URL = http://localhost/; Controller = Home;
Date = 2017-10-14 12:06:37.7381; IP = ::1; URL = http://localhost/; Controller = Home;
Date = 2017-10-14 12:07:17.3513; IP = ::1; URL = http://localhost/; Controller = Home;
Date = 2017-10-14 12:09:52.1568; IP = ::1; URL = http://localhost/; Controller = Home;
Date = 2017-10-14 12:10:51.1187; IP = ::1; URL = http://localhost/; Controller = Home;
Date = 2017-10-14 12:11:18.3616; IP = ::1; URL = http://localhost/; Controller = Home;
Date = 2017-10-14 12:12:55.9347; IP = ::1; URL = http://localhost/; Controller = Home;
Date = 2017-10-14 12:13:52.1572; IP = ::1; URL = http://localhost/; Controller = Home;
Date = 2017-10-14 12:14:52.5996; IP = ::1; URL = http://localhost/products/category/AutomaticLabelingEquipment; Controller = Machine;
Date = 2017-10-14 12:21:57.5460; IP = ::1; URL = http://localhost/; Controller = Home;
Date = 2017-10-14 12:22:48.0532; IP = ::1; URL = http://localhost/; Controller = Home;
Date = 2017-10-14 12:23:06.7867; IP = ::1; URL = http://localhost/services; Controller = Labour;
Date = 2017-10-14 12:23:07.0833; IP = ::1; URL = http://localhost/; Controller = Home;
Date = 2017-10-14 12:23:33.6264; IP = ::1; URL = http://localhost/manufacturing; Controller = Output;
Date = 2017-10-14 12:24:30.6547; IP = ::1; URL = http://localhost/services; Controller = Labour;
Date = 2017-10-14 12:24:47.2563; IP = ::1; URL = http://localhost/; Controller = Home;
Date = 2017-10-14 12:25:03.2197; IP = ::1; URL = http://localhost/; Controller = Home;
Date = 2017-10-14 12:25:04.8524; IP = ::1; URL = http://localhost/contacts; Controller = Home;
Date = 2017-10-14 12:33:44.6868; IP = ::1; URL = http://localhost/; Controller = Home;
Date = 2017-10-14 12:33:51.6254; IP = ::1; URL = http://localhost/services; Controller = Labour;
Date = 2017-10-14 13:00:53.1159; IP = ::1; URL = http://localhost/; Controller = Home;
Date = 2017-10-14 13:01:24.6929; IP = ::1; URL = http://localhost/manufacturing; Controller = Output;
Date = 2017-10-14 13:03:17.2757; IP = ::1; URL = http://localhost/; Controller = Home;
Date = 2017-10-14 13:04:32.1343; IP = ::1; URL = http://localhost/products/category/PeristalticPumps; Controller = Machine;
Date = 2017-10-14 13:05:06.9498; IP = ::1; URL = http://localhost/; Controller = Home;
Date = 2017-10-14 13:07:02.3979; IP = ::1; URL = http://localhost/products/category/WithHorizontalBlisterFormsLocation; Controller = Machine;
Date = 2017-10-14 13:08:52.3577; IP = ::1; URL = http://localhost/products/category/TubeFillingEquipmentForAluminumTubes; Controller = Machine;
Date = 2017-10-14 13:10:28.0629; IP = ::1; URL = http://localhost/; Controller = Home;
Date = 2017-10-14 13:10:38.9586; IP = ::1; URL = http://localhost/products/category/TubeFillingEquipmentForPlasticTubes; Controller = Machine;
Date = 2017-10-14 13:10:47.9626; IP = ::1; URL = http://localhost/products/category/TubeFillingEquipmentForAluminumTubes; Controller = Machine;
Date = 2017-10-14 13:10:50.9352; IP = ::1; URL = http://localhost/products/category/WithHorizontalBlisterFormsLocation; Controller = Machine;
Date = 2017-10-14 13:10:53.7224; IP = ::1; URL = http://localhost/products/1; Controller = Machine;
Date = 2017-10-14 13:11:43.6698; IP = ::1; URL = http://localhost/; Controller = Home;
Date = 2017-10-14 13:12:38.4619; IP = ::1; URL = http://localhost/; Controller = Home;
Date = 2017-10-14 13:13:05.7514; IP = ::1; URL = http://localhost/admin; Controller = Admin;
Date = 2017-10-14 13:13:27.2550; IP = ::1; URL = http://localhost/products/update/1; Controller = Machine;
Date = 2017-10-14 13:13:43.2217; IP = ::1; URL = http://localhost/products/update/1; Controller = Machine;
Date = 2017-10-14 13:14:02.5216; IP = ::1; URL = http://localhost/admin; Controller = Admin;
Date = 2017-10-14 13:14:08.2146; IP = ::1; URL = http://localhost/products/update/3; Controller = Machine;
Date = 2017-10-14 13:14:24.0627; IP = ::1; URL = http://localhost/products/update/2; Controller = Machine;
Date = 2017-10-14 13:14:36.9729; IP = ::1; URL = http://localhost/products/update/1; Controller = Machine;
Date = 2017-10-14 13:14:50.5099; IP = ::1; URL = http://localhost/; Controller = Home;
Date = 2017-10-14 13:14:55.1195; IP = ::1; URL = http://localhost/products/category/CartoningMachines; Controller = Machine;
Date = 2017-10-14 13:14:59.2723; IP = ::1; URL = http://localhost/products/1; Controller = Machine;
Date = 2017-10-14 13:21:36.1946; IP = ::1; URL = http://localhost/; Controller = Home;
Date = 2017-10-14 13:21:48.8653; IP = ::1; URL = http://localhost/products/category/PeristalticPumps; Controller = Machine;
Date = 2017-10-14 13:21:59.5418; IP = ::1; URL = http://localhost/products/category/EquipmentForProductionOfTabletsAndFillingCapsules; Controller = Machine;
Date = 2017-10-14 13:22:02.1305; IP = ::1; URL = http://localhost/products/category/CartoningMachines; Controller = Machine;
Date = 2017-10-14 13:22:05.1853; IP = ::1; URL = http://localhost/products/1; Controller = Machine;
Date = 2017-10-14 13:22:32.8805; IP = ::1; URL = http://localhost/products/category/WithHorizontalBlisterFormsLocation; Controller = Machine;
Date = 2017-10-14 13:22:34.3265; IP = ::1; URL = http://localhost/; Controller = Home;
