Date = 2017-10-11 12:54:04.1597; IP = ::1; URL = http://localhost/; Controller = Home;
Date = 2017-10-11 12:56:43.3345; IP = ::1; URL = http://localhost/; Controller = Home;
Date = 2017-10-11 12:56:47.5749; IP = ::1; URL = http://localhost/; Controller = Home;
Date = 2017-10-11 12:57:56.8418; IP = ::1; URL = http://localhost/; Controller = Home;
Date = 2017-10-11 12:59:09.2098; IP = ::1; URL = http://localhost/; Controller = Home;
Date = 2017-10-11 13:17:43.9355; IP = ::1; URL = http://localhost/; Controller = Home;
Date = 2017-10-11 13:19:29.6243; IP = ::1; URL = http://localhost/; Controller = Home;
Date = 2017-10-11 13:19:33.8199; IP = ::1; URL = http://localhost/; Controller = Home;
Date = 2017-10-11 13:23:13.4271; IP = ::1; URL = http://localhost/; Controller = Home;
Date = 2017-10-11 13:24:37.4681; IP = ::1; URL = http://localhost/; Controller = Home;
Date = 2017-10-11 13:24:57.1655; IP = ::1; URL = http://localhost/; Controller = Home;
Date = 2017-10-11 13:41:03.1116; IP = ::1; URL = http://localhost/; Controller = Home;
Date = 2017-10-11 13:42:03.5241; IP = ::1; URL = http://localhost/; Controller = Home;
Date = 2017-10-11 13:42:25.4307; IP = ::1; URL = http://localhost/; Controller = Home;
Date = 2017-10-11 13:42:32.8062; IP = ::1; URL = http://localhost/; Controller = Home;
Date = 2017-10-11 13:42:40.6973; IP = ::1; URL = http://localhost/; Controller = Home;
Date = 2017-10-11 13:45:55.1611; IP = ::1; URL = http://localhost/; Controller = Home;
Date = 2017-10-11 13:46:55.9999; IP = ::1; URL = http://localhost/products; Controller = Machine;
Date = 2017-10-11 13:47:03.0965; IP = ::1; URL = http://localhost/services; Controller = Labour;
Date = 2017-10-11 13:47:21.1679; IP = ::1; URL = http://localhost/services; Controller = Labour;
Date = 2017-10-11 13:47:28.6668; IP = ::1; URL = http://localhost/products; Controller = Machine;
Date = 2017-10-11 13:47:31.7660; IP = ::1; URL = http://localhost/solutions; Controller = Output;
Date = 2017-10-11 13:47:32.2724; IP = ::1; URL = http://localhost/solutions; Controller = Output;
Date = 2017-10-11 13:47:34.4828; IP = ::1; URL = http://localhost/contacts; Controller = Home;
Date = 2017-10-11 13:47:39.4243; IP = ::1; URL = http://localhost/services; Controller = Labour;
Date = 2017-10-11 13:48:17.2739; IP = ::1; URL = http://localhost/services; Controller = Labour;
Date = 2017-10-11 13:48:44.0635; IP = ::1; URL = http://localhost/services; Controller = Labour;
Date = 2017-10-11 13:51:42.1957; IP = ::1; URL = http://localhost/; Controller = Home;
Date = 2017-10-11 13:57:51.9205; IP = ::1; URL = http://localhost/; Controller = Home;
Date = 2017-10-11 14:03:22.0431; IP = ::1; URL = http://localhost/; Controller = Home;
Date = 2017-10-11 14:03:33.3426; IP = ::1; URL = http://localhost/; Controller = Home;
Date = 2017-10-11 14:03:59.5994; IP = ::1; URL = http://localhost/products; Controller = Machine;
Date = 2017-10-11 14:04:14.8669; IP = ::1; URL = http://localhost/services; Controller = Labour;
